{"uid":"cebecfd201b2e1ac","name":"Kullanıcı cep telefonu arar, filtre uygular ve ürünü sepete ekler","fullName":"Kullanıcı Girişi ve Ürün Sepete Ekleme: Kullanıcı cep telefonu arar, filtre uygular ve ürünü sepete ekler","historyId":"98e6de5e6a3bb4ea0f108986e3fb58b5","time":{"start":1753481908704,"stop":1753481917536,"duration":8832},"status":"broken","statusMessage":"selenium.common.exceptions.NoSuchElementException: Message: no such element: Unable to locate element: {\"method\":\"css selector\",\"selector\":\"[id=\"add-to-cart-button-18\"]\"}\n  (Session info: chrome=138.0.7204.169); For documentation on this error, please visit: https://www.selenium.dev/documentation/webdriver/troubleshooting/errors#nosuchelementexception\nStacktrace:\n\tGetHandleVerifier [0x0x7ff77049e935+77845]\n\tGetHandleVerifier [0x0x7ff77049e990+77936]\n\t(No symbol) [0x0x7ff770259cda]\n\t(No symbol) [0x0x7ff7702b06aa]\n\t(No symbol) [0x0x7ff7702b095c]\n\t(No symbol) [0x0x7ff770303d07]\n\t(No symbol) [0x0x7ff7702d890f]\n\t(No symbol) [0x0x7ff770300b07]\n\t(No symbol) [0x0x7ff7702d86a3]\n\t(No symbol) [0x0x7ff7702a1791]\n\t(No symbol) [0x0x7ff7702a2523]\n\tGetHandleVerifier [0x0x7ff77077684d+3059501]\n\tGetHandleVerifier [0x0x7ff770770c0d+3035885]\n\tGetHandleVerifier [0x0x7ff770790400+3164896]\n\tGetHandleVerifier [0x0x7ff7704b8c3e+185118]\n\tGetHandleVerifier [0x0x7ff7704c054f+216111]\n\tGetHandleVerifier [0x0x7ff7704a72e4+113092]\n\tGetHandleVerifier [0x0x7ff7704a7499+113529]\n\tGetHandleVerifier [0x0x7ff77048e298+10616]\n\tBaseThreadInitThunk [0x0x7ff8788053e0+16]\n\tRtlUserThreadStart [0x0x7ff87a92485b+43]\n\n","statusTrace":"  File \"C:\\Users\\Doğukan\\AppData\\Local\\Programs\\Python\\Python312\\Lib\\site-packages\\behave\\model.py\", line 1329, in run\n    match.run(runner.context)\n  File \"C:\\Users\\Doğukan\\AppData\\Local\\Programs\\Python\\Python312\\Lib\\site-packages\\behave\\matchers.py\", line 98, in run\n    self.func(context, *args, **kwargs)\n  File \"features\\steps\\step_definitions.py\", line 47, in step_impl\n    driver.find_element(By.ID, \"add-to-cart-button-18\").click()  # Örnek ID\n    ^^^^^^^^^^^^^^^^^^^^^^^^^^^^^^^^^^^^^^^^^^^^^^^^^^^\n  File \"C:\\Users\\Doğukan\\AppData\\Local\\Programs\\Python\\Python312\\Lib\\site-packages\\selenium\\webdriver\\remote\\webdriver.py\", line 922, in find_element\n    return self.execute(Command.FIND_ELEMENT, {\"using\": by, \"value\": value})[\"value\"]\n           ^^^^^^^^^^^^^^^^^^^^^^^^^^^^^^^^^^^^^^^^^^^^^^^^^^^^^^^^^^^^^^^^^\n  File \"C:\\Users\\Doğukan\\AppData\\Local\\Programs\\Python\\Python312\\Lib\\site-packages\\selenium\\webdriver\\remote\\webdriver.py\", line 454, in execute\n    self.error_handler.check_response(response)\n  File \"C:\\Users\\Doğukan\\AppData\\Local\\Programs\\Python\\Python312\\Lib\\site-packages\\selenium\\webdriver\\remote\\errorhandler.py\", line 232, in check_response\n    raise exception_class(message, screen, stacktrace)\n","flaky":false,"newFailed":false,"newBroken":false,"newPassed":false,"retriesCount":0,"retriesStatusChange":false,"beforeStages":[],"testStage":{"status":"broken","statusMessage":"selenium.common.exceptions.NoSuchElementException: Message: no such element: Unable to locate element: {\"method\":\"css selector\",\"selector\":\"[id=\"add-to-cart-button-18\"]\"}\n  (Session info: chrome=138.0.7204.169); For documentation on this error, please visit: https://www.selenium.dev/documentation/webdriver/troubleshooting/errors#nosuchelementexception\nStacktrace:\n\tGetHandleVerifier [0x0x7ff77049e935+77845]\n\tGetHandleVerifier [0x0x7ff77049e990+77936]\n\t(No symbol) [0x0x7ff770259cda]\n\t(No symbol) [0x0x7ff7702b06aa]\n\t(No symbol) [0x0x7ff7702b095c]\n\t(No symbol) [0x0x7ff770303d07]\n\t(No symbol) [0x0x7ff7702d890f]\n\t(No symbol) [0x0x7ff770300b07]\n\t(No symbol) [0x0x7ff7702d86a3]\n\t(No symbol) [0x0x7ff7702a1791]\n\t(No symbol) [0x0x7ff7702a2523]\n\tGetHandleVerifier [0x0x7ff77077684d+3059501]\n\tGetHandleVerifier [0x0x7ff770770c0d+3035885]\n\tGetHandleVerifier [0x0x7ff770790400+3164896]\n\tGetHandleVerifier [0x0x7ff7704b8c3e+185118]\n\tGetHandleVerifier [0x0x7ff7704c054f+216111]\n\tGetHandleVerifier [0x0x7ff7704a72e4+113092]\n\tGetHandleVerifier [0x0x7ff7704a7499+113529]\n\tGetHandleVerifier [0x0x7ff77048e298+10616]\n\tBaseThreadInitThunk [0x0x7ff8788053e0+16]\n\tRtlUserThreadStart [0x0x7ff87a92485b+43]\n\n","statusTrace":"  File \"C:\\Users\\Doğukan\\AppData\\Local\\Programs\\Python\\Python312\\Lib\\site-packages\\behave\\model.py\", line 1329, in run\n    match.run(runner.context)\n  File \"C:\\Users\\Doğukan\\AppData\\Local\\Programs\\Python\\Python312\\Lib\\site-packages\\behave\\matchers.py\", line 98, in run\n    self.func(context, *args, **kwargs)\n  File \"features\\steps\\step_definitions.py\", line 47, in step_impl\n    driver.find_element(By.ID, \"add-to-cart-button-18\").click()  # Örnek ID\n    ^^^^^^^^^^^^^^^^^^^^^^^^^^^^^^^^^^^^^^^^^^^^^^^^^^^\n  File \"C:\\Users\\Doğukan\\AppData\\Local\\Programs\\Python\\Python312\\Lib\\site-packages\\selenium\\webdriver\\remote\\webdriver.py\", line 922, in find_element\n    return self.execute(Command.FIND_ELEMENT, {\"using\": by, \"value\": value})[\"value\"]\n           ^^^^^^^^^^^^^^^^^^^^^^^^^^^^^^^^^^^^^^^^^^^^^^^^^^^^^^^^^^^^^^^^^\n  File \"C:\\Users\\Doğukan\\AppData\\Local\\Programs\\Python\\Python312\\Lib\\site-packages\\selenium\\webdriver\\remote\\webdriver.py\", line 454, in execute\n    self.error_handler.check_response(response)\n  File \"C:\\Users\\Doğukan\\AppData\\Local\\Programs\\Python\\Python312\\Lib\\site-packages\\selenium\\webdriver\\remote\\errorhandler.py\", line 232, in check_response\n    raise exception_class(message, screen, stacktrace)\n","steps":[{"name":"Given kullanıcı e-ticaret sitesine gider","time":{"start":1753481910037,"stop":1753481913390,"duration":3353},"status":"passed","steps":[],"attachments":[],"parameters":[],"hasContent":false,"attachmentsCount":0,"attachmentStep":false,"stepsCount":0,"shouldDisplayMessage":false},{"name":"And kullanıcı giriş yapar","time":{"start":1753481913390,"stop":1753481914113,"duration":723},"status":"passed","steps":[],"attachments":[],"parameters":[],"hasContent":false,"attachmentsCount":0,"attachmentStep":false,"stepsCount":0,"shouldDisplayMessage":false},{"name":"When kullanıcı \"cep telefonu\" araması yapar","time":{"start":1753481914113,"stop":1753481914696,"duration":583},"status":"passed","steps":[],"attachments":[],"parameters":[],"hasContent":false,"attachmentsCount":0,"attachmentStep":false,"stepsCount":0,"shouldDisplayMessage":false},{"name":"And fiyat aralığını 15000 - 20000 TL olarak filtreler","time":{"start":1753481914696,"stop":1753481914697,"duration":1},"status":"passed","steps":[],"attachments":[],"parameters":[],"hasContent":false,"attachmentsCount":0,"attachmentStep":false,"stepsCount":0,"shouldDisplayMessage":false},{"name":"And en alt sıradaki ürünü seçip detayına gider","time":{"start":1753481914697,"stop":1753481915225,"duration":528},"status":"passed","steps":[],"attachments":[],"parameters":[],"hasContent":false,"attachmentsCount":0,"attachmentStep":false,"stepsCount":0,"shouldDisplayMessage":false},{"name":"And en düşük puanlı satıcının ürününü sepete ekler","time":{"start":1753481915225,"stop":1753481915361,"duration":136},"status":"broken","statusMessage":"selenium.common.exceptions.NoSuchElementException: Message: no such element: Unable to locate element: {\"method\":\"css selector\",\"selector\":\"[id=\"add-to-cart-button-18\"]\"}\n  (Session info: chrome=138.0.7204.169); For documentation on this error, please visit: https://www.selenium.dev/documentation/webdriver/troubleshooting/errors#nosuchelementexception\nStacktrace:\n\tGetHandleVerifier [0x0x7ff77049e935+77845]\n\tGetHandleVerifier [0x0x7ff77049e990+77936]\n\t(No symbol) [0x0x7ff770259cda]\n\t(No symbol) [0x0x7ff7702b06aa]\n\t(No symbol) [0x0x7ff7702b095c]\n\t(No symbol) [0x0x7ff770303d07]\n\t(No symbol) [0x0x7ff7702d890f]\n\t(No symbol) [0x0x7ff770300b07]\n\t(No symbol) [0x0x7ff7702d86a3]\n\t(No symbol) [0x0x7ff7702a1791]\n\t(No symbol) [0x0x7ff7702a2523]\n\tGetHandleVerifier [0x0x7ff77077684d+3059501]\n\tGetHandleVerifier [0x0x7ff770770c0d+3035885]\n\tGetHandleVerifier [0x0x7ff770790400+3164896]\n\tGetHandleVerifier [0x0x7ff7704b8c3e+185118]\n\tGetHandleVerifier [0x0x7ff7704c054f+216111]\n\tGetHandleVerifier [0x0x7ff7704a72e4+113092]\n\tGetHandleVerifier [0x0x7ff7704a7499+113529]\n\tGetHandleVerifier [0x0x7ff77048e298+10616]\n\tBaseThreadInitThunk [0x0x7ff8788053e0+16]\n\tRtlUserThreadStart [0x0x7ff87a92485b+43]\n\n","statusTrace":"  File \"C:\\Users\\Doğukan\\AppData\\Local\\Programs\\Python\\Python312\\Lib\\site-packages\\behave\\model.py\", line 1329, in run\n    match.run(runner.context)\n  File \"C:\\Users\\Doğukan\\AppData\\Local\\Programs\\Python\\Python312\\Lib\\site-packages\\behave\\matchers.py\", line 98, in run\n    self.func(context, *args, **kwargs)\n  File \"features\\steps\\step_definitions.py\", line 47, in step_impl\n    driver.find_element(By.ID, \"add-to-cart-button-18\").click()  # Örnek ID\n    ^^^^^^^^^^^^^^^^^^^^^^^^^^^^^^^^^^^^^^^^^^^^^^^^^^^\n  File \"C:\\Users\\Doğukan\\AppData\\Local\\Programs\\Python\\Python312\\Lib\\site-packages\\selenium\\webdriver\\remote\\webdriver.py\", line 922, in find_element\n    return self.execute(Command.FIND_ELEMENT, {\"using\": by, \"value\": value})[\"value\"]\n           ^^^^^^^^^^^^^^^^^^^^^^^^^^^^^^^^^^^^^^^^^^^^^^^^^^^^^^^^^^^^^^^^^\n  File \"C:\\Users\\Doğukan\\AppData\\Local\\Programs\\Python\\Python312\\Lib\\site-packages\\selenium\\webdriver\\remote\\webdriver.py\", line 454, in execute\n    self.error_handler.check_response(response)\n  File \"C:\\Users\\Doğukan\\AppData\\Local\\Programs\\Python\\Python312\\Lib\\site-packages\\selenium\\webdriver\\remote\\errorhandler.py\", line 232, in check_response\n    raise exception_class(message, screen, stacktrace)\n","steps":[],"attachments":[],"parameters":[],"hasContent":true,"attachmentsCount":0,"attachmentStep":false,"stepsCount":0,"shouldDisplayMessage":true},{"name":"Then ürünün sepete doğru şekilde eklendiği kontrol edilir","time":{"start":1753481917536,"stop":1753481917536,"duration":0},"status":"skipped","steps":[],"attachments":[],"parameters":[],"hasContent":false,"attachmentsCount":0,"attachmentStep":false,"stepsCount":0,"shouldDisplayMessage":false}],"attachments":[],"parameters":[],"hasContent":true,"attachmentsCount":0,"attachmentStep":false,"stepsCount":7,"shouldDisplayMessage":false},"afterStages":[],"labels":[{"name":"severity","value":"normal"},{"name":"feature","value":"Kullanıcı Girişi ve Ürün Sepete Ekleme"},{"name":"framework","value":"behave"},{"name":"language","value":"cpython3"},{"name":"resultFormat","value":"allure2"}],"parameters":[],"links":[],"hidden":true,"retry":true,"extra":{"categories":[],"tags":[]},"source":"cebecfd201b2e1ac.json","parameterValues":[]}